<?xml version="1.0" encoding="UTF-8"?>
<testsuites name="theWayInsideOneBuilding" time="80.822" tests="2" failures="0" errors="0">
   <testsuite name="theWayInsideOneBuilding" tests="2" failures="0" errors="0" time="80.822" timestamp="2019-11-29 17:07:48" hostname="apershina - SOLARIS.msteam.local" id="Test Suites/theWayInsideOneBuilding">
      <properties>
         <property name="deviceName" value="samsung SM-A530F (Android 9)"/>
         <property name="devicePlatform" value=""/>
         <property name="logFolder" value="C:\\Users\\apershina\\Katalon Studio\\floorsTesting\\Reports\\20191129_170743\\theWayInsideOneBuilding\\20191129_170743"/>
         <property name="logFiles" value="C:\\Users\\apershina\\Katalon Studio\\floorsTesting\\Reports\\20191129_170743\\theWayInsideOneBuilding\\20191129_170743\\appium.log, C:\\Users\\apershina\\Katalon Studio\\floorsTesting\\Reports\\20191129_170743\\theWayInsideOneBuilding\\20191129_170743\\execution0.log"/>
         <property name="attachments" value=""/>
         <property name="hostName" value="apershina - SOLARIS.msteam.local"/>
         <property name="os" value="Windows 10 64bit"/>
         <property name="appiumServerStatus" value="{\&quot;value\&quot;:{\&quot;build\&quot;:{\&quot;version\&quot;:\&quot;1.8.1\&quot;,\&quot;revision\&quot;:null}}}"/>
         <property name="katalonVersion" value="7.0.10.1"/>
         <property name="deviceOS" value="Android"/>
         <property name="appiumVersion" value="1.8.1"/>
         <property name="deviceModel" value="SM-A530F"/>
         <property name="hostAddress" value="192.168.1.31"/>
         <property name="deviceManufacturer" value="samsung"/>
         <property name="deviceId" value="5200502e5b11c491"/>
         <property name="deviceName" value="samsung SM-A530F (Android 9)"/>
         <property name="deviceOSVersion" value="9"/>
      </properties>
      <testcase name="Test Cases/theButtonNewBuildingInLeftPanel" time="60.894" classname="Test Cases/theButtonNewBuildingInLeftPanel" status="PASSED">
         <system-out><![CDATA[2019-11-29 17:07:49 - [TEST_CASE][PASSED] - Test Cases/theButtonNewBuildingInLeftPanel: Test Cases/theButtonNewBuildingInLeftPanel

2019-11-29 17:07:50 - [TEST_STEP][PASSED] - startApplication("C:\Users\apershina\Desktop\Projects\Floors\FloorsApp\app\build\outputs\apk\debug\app-debug.apk", false): Started app at: 'C:\Users\apershina\Desktop\Projects\Floors\FloorsApp\app\build\outputs\apk\debug\app-debug.apk'

2019-11-29 17:07:57 - [MESSAGE][INFO] - Appium server started on port 51,033

2019-11-29 17:08:29 - [MESSAGE][PASSED] - Started app at: 'C:\Users\apershina\Desktop\Projects\Floors\FloorsApp\app\build\outputs\apk\debug\app-debug.apk'

2019-11-29 17:08:29 - [TEST_STEP][PASSED] - tap(findTestObject("testcases/android.widget.ImageView0"), 0): Tapped on element 'Object Repository/testcases/android.widget.ImageView0'

2019-11-29 17:08:29 - [MESSAGE][WARNING] - Timeout '0' is invalid. Using default page load timeout: '30'

2019-11-29 17:08:39 - [MESSAGE][PASSED] - Tapped on element 'Object Repository/testcases/android.widget.ImageView0'

2019-11-29 17:08:39 - [TEST_STEP][PASSED] - tap(findTestObject("testcases/android.support.v7.widget.LinearLayoutCompat0"), 0): Tapped on element 'Object Repository/testcases/android.support.v7.widget.LinearLayoutCompat0'

2019-11-29 17:08:39 - [MESSAGE][WARNING] - Timeout '0' is invalid. Using default page load timeout: '30'

2019-11-29 17:08:41 - [MESSAGE][PASSED] - Tapped on element 'Object Repository/testcases/android.support.v7.widget.LinearLayoutCompat0'

2019-11-29 17:08:41 - [TEST_STEP][PASSED] - tap(findTestObject("android.widget.EditText0 - "), 0): Tapped on element 'Object Repository/android.widget.EditText0 - '

2019-11-29 17:08:41 - [MESSAGE][WARNING] - Timeout '0' is invalid. Using default page load timeout: '30'

2019-11-29 17:08:43 - [MESSAGE][PASSED] - Tapped on element 'Object Repository/android.widget.EditText0 - '

2019-11-29 17:08:43 - [TEST_STEP][PASSED] - random = new java.util.Random(): null

2019-11-29 17:08:43 - [TEST_STEP][PASSED] - setText(findTestObject("android.widget.EditText0 -  (1)"), findTestData("nsuAssetsExcel").getValue(1, random.nextInt(390) + 1), 0): Text '5214' has been set to element 'Object Repository/android.widget.EditText0 -  (1)'

2019-11-29 17:08:45 - [MESSAGE][WARNING] - Timeout '0' is invalid. Using default page load timeout: '30'

2019-11-29 17:08:48 - [MESSAGE][PASSED] - Text '5214' has been set to element 'Object Repository/android.widget.EditText0 -  (1)'

2019-11-29 17:08:48 - [TEST_STEP][PASSED] - tap(findTestObject("android.widget.LinearLayout5"), 0): Tapped on element 'Object Repository/android.widget.LinearLayout5'

2019-11-29 17:08:48 - [MESSAGE][WARNING] - Timeout '0' is invalid. Using default page load timeout: '30'

2019-11-29 17:08:50 - [MESSAGE][PASSED] - Tapped on element 'Object Repository/android.widget.LinearLayout5']]></system-out>
         <system-err><![CDATA[]]></system-err>
      </testcase>
      <testcase name="Test Cases/theWayFromOneRoomToAnotherNewBuilding" time="19.037" classname="Test Cases/theWayFromOneRoomToAnotherNewBuilding" status="PASSED">
         <system-out><![CDATA[2019-11-29 17:08:50 - [TEST_CASE][PASSED] - Test Cases/theWayFromOneRoomToAnotherNewBuilding: Test Cases/theWayFromOneRoomToAnotherNewBuilding

2019-11-29 17:08:51 - [TEST_STEP][PASSED] - tap(findTestObject("testcases/android.widget.EditText0 - "), 0): Tapped on element 'Object Repository/testcases/android.widget.EditText0 - '

2019-11-29 17:08:51 - [MESSAGE][WARNING] - Timeout '0' is invalid. Using default page load timeout: '30'

2019-11-29 17:08:53 - [MESSAGE][PASSED] - Tapped on element 'Object Repository/testcases/android.widget.EditText0 - '

2019-11-29 17:08:53 - [TEST_STEP][PASSED] - random = new java.util.Random(): null

2019-11-29 17:08:53 - [TEST_STEP][PASSED] - setText(findTestObject("testcases/android.widget.EditText0 -  (1)"), findTestData("nsuAssetsExcel").getValue(1, random.nextInt(390) + 1), 0): Text '1333' has been set to element 'Object Repository/testcases/android.widget.EditText0 -  (1)'

2019-11-29 17:08:54 - [MESSAGE][WARNING] - Timeout '0' is invalid. Using default page load timeout: '30'

2019-11-29 17:08:56 - [MESSAGE][PASSED] - Text '1333' has been set to element 'Object Repository/testcases/android.widget.EditText0 -  (1)'

2019-11-29 17:08:56 - [TEST_STEP][PASSED] - tap(findTestObject("testcases/android.widget.LinearLayout5"), 0): Tapped on element 'Object Repository/testcases/android.widget.LinearLayout5'

2019-11-29 17:08:56 - [MESSAGE][WARNING] - Timeout '0' is invalid. Using default page load timeout: '30'

2019-11-29 17:08:59 - [MESSAGE][PASSED] - Tapped on element 'Object Repository/testcases/android.widget.LinearLayout5'

2019-11-29 17:08:59 - [TEST_STEP][PASSED] - tap(findTestObject("testcases/android.widget.Button0 - "), 0): Tapped on element 'Object Repository/testcases/android.widget.Button0 - '

2019-11-29 17:08:59 - [MESSAGE][WARNING] - Timeout '0' is invalid. Using default page load timeout: '30'

2019-11-29 17:09:01 - [MESSAGE][PASSED] - Tapped on element 'Object Repository/testcases/android.widget.Button0 - '

2019-11-29 17:09:01 - [TEST_STEP][PASSED] - tap(findTestObject("testcases/TextInputLayout0 -  "), 0): Tapped on element 'Object Repository/testcases/TextInputLayout0 -  '

2019-11-29 17:09:01 - [MESSAGE][WARNING] - Timeout '0' is invalid. Using default page load timeout: '30'

2019-11-29 17:09:03 - [MESSAGE][PASSED] - Tapped on element 'Object Repository/testcases/TextInputLayout0 -  '

2019-11-29 17:09:03 - [TEST_STEP][PASSED] - setText(findTestObject("testcases/android.widget.EditText1"), findTestData("nsuAssetsExcel").getValue(1, random.nextInt(390) + 1), 0): Text '4214' has been set to element 'Object Repository/testcases/android.widget.EditText1'

2019-11-29 17:09:03 - [MESSAGE][WARNING] - Timeout '0' is invalid. Using default page load timeout: '30'

2019-11-29 17:09:04 - [MESSAGE][PASSED] - Text '4214' has been set to element 'Object Repository/testcases/android.widget.EditText1'

2019-11-29 17:09:04 - [TEST_STEP][PASSED] - tap(findTestObject("testcases/android.widget.FrameLayout9"), 0): Tapped on element 'Object Repository/testcases/android.widget.FrameLayout9'

2019-11-29 17:09:05 - [MESSAGE][WARNING] - Timeout '0' is invalid. Using default page load timeout: '30'

2019-11-29 17:09:07 - [MESSAGE][PASSED] - Tapped on element 'Object Repository/testcases/android.widget.FrameLayout9'

2019-11-29 17:09:07 - [TEST_STEP][PASSED] - tap(findTestObject("testcases/android.widget.ImageButton8"), 0): Tapped on element 'Object Repository/testcases/android.widget.ImageButton8'

2019-11-29 17:09:08 - [MESSAGE][WARNING] - Timeout '0' is invalid. Using default page load timeout: '30'

2019-11-29 17:09:09 - [MESSAGE][PASSED] - Tapped on element 'Object Repository/testcases/android.widget.ImageButton8']]></system-out>
         <system-err><![CDATA[]]></system-err>
      </testcase>
      <system-out><![CDATA[2019-11-29 17:07:48 - [TEST_SUITE][PASSED] - theWayInsideOneBuilding: Test Cases/theWayFromOneRoomToAnotherNewBuilding]]></system-out>
      <system-err><![CDATA[]]></system-err>
   </testsuite>
</testsuites>
