<?xml version="1.0" encoding="UTF-8"?>
<testsuites name="theButtonsInLeftPanel" time="110.285" tests="2" failures="0" errors="0">
   <testsuite name="theButtonsInLeftPanel" tests="2" failures="0" errors="0" time="110.285" timestamp="2019-12-04 19:07:36" hostname="apershina - SOLARIS.msteam.local" id="Test Suites/theButtonsInLeftPanel">
      <properties>
         <property name="deviceName" value="samsung SM-A530F (Android 9)"/>
         <property name="devicePlatform" value=""/>
         <property name="logFolder" value="C:\\Users\\apershina\\Katalon Studio\\floorsTesting\\Reports\\20191204_190730\\theButtonsInLeftPanel\\20191204_190730"/>
         <property name="logFiles" value="C:\\Users\\apershina\\Katalon Studio\\floorsTesting\\Reports\\20191204_190730\\theButtonsInLeftPanel\\20191204_190730\\appium.log, C:\\Users\\apershina\\Katalon Studio\\floorsTesting\\Reports\\20191204_190730\\theButtonsInLeftPanel\\20191204_190730\\execution0.log"/>
         <property name="attachments" value=""/>
         <property name="hostName" value="apershina - SOLARIS.msteam.local"/>
         <property name="os" value="Windows 10 64bit"/>
         <property name="appiumServerStatus" value="{\&quot;value\&quot;:{\&quot;build\&quot;:{\&quot;version\&quot;:\&quot;1.8.1\&quot;,\&quot;revision\&quot;:null}}}"/>
         <property name="katalonVersion" value="7.0.10.1"/>
         <property name="deviceOS" value="Android"/>
         <property name="appiumVersion" value="1.8.1"/>
         <property name="deviceModel" value="SM-A530F"/>
         <property name="hostAddress" value="192.168.1.31"/>
         <property name="deviceManufacturer" value="samsung"/>
         <property name="deviceId" value="5200502e5b11c491"/>
         <property name="deviceName" value="samsung SM-A530F (Android 9)"/>
         <property name="deviceOSVersion" value="9"/>
      </properties>
      <testcase name="Test Cases/newBuildingButton" time="52.934" classname="Test Cases/newBuildingButton" status="PASSED">
         <system-out><![CDATA[2019-12-04 19:07:37 - [TEST_CASE][PASSED] - Test Cases/newBuildingButton: Test Cases/newBuildingButton

2019-12-04 19:07:38 - [TEST_STEP][PASSED] - startExistingApplication("com.msteam.floors.nsu"): Starting app with application ID: 'com.msteam.floors.nsu'

2019-12-04 19:07:47 - [MESSAGE][INFO] - Appium server started on port 52,144

2019-12-04 19:08:13 - [MESSAGE][PASSED] - Starting app with application ID: 'com.msteam.floors.nsu'

2019-12-04 19:08:13 - [TEST_STEP][PASSED] - tap(findTestObject("testcases/android.widget.ImageView0 (3)"), 0): Tapped on element 'Object Repository/testcases/android.widget.ImageView0 (3)'

2019-12-04 19:08:13 - [MESSAGE][WARNING] - Timeout '0' is invalid. Using default page load timeout: '30'

2019-12-04 19:08:19 - [MESSAGE][PASSED] - Tapped on element 'Object Repository/testcases/android.widget.ImageView0 (3)'

2019-12-04 19:08:19 - [TEST_STEP][PASSED] - tap(findTestObject("testcases/android.support.v7.widget.LinearLayoutCompat0 (1)"), 0): Tapped on element 'Object Repository/testcases/android.support.v7.widget.LinearLayoutCompat0 (1)'

2019-12-04 19:08:20 - [MESSAGE][WARNING] - Timeout '0' is invalid. Using default page load timeout: '30'

2019-12-04 19:08:21 - [MESSAGE][PASSED] - Tapped on element 'Object Repository/testcases/android.support.v7.widget.LinearLayoutCompat0 (1)'

2019-12-04 19:08:21 - [TEST_STEP][PASSED] - tap(findTestObject("testcases/android.widget.EditText0 - Search"), 0): Tapped on element 'Object Repository/testcases/android.widget.EditText0 - Search'

2019-12-04 19:08:21 - [MESSAGE][WARNING] - Timeout '0' is invalid. Using default page load timeout: '30'

2019-12-04 19:08:23 - [MESSAGE][PASSED] - Tapped on element 'Object Repository/testcases/android.widget.EditText0 - Search'

2019-12-04 19:08:23 - [TEST_STEP][PASSED] - random = new java.util.Random(): null

2019-12-04 19:08:23 - [TEST_STEP][PASSED] - setText(findTestObject("testcases/android.widget.EditText0 - Search"), findTestData("nsuAssets").getValue(2, random.nextInt(392) + 1), 0): Text '1354' has been set to element 'Object Repository/testcases/android.widget.EditText0 - Search'

2019-12-04 19:08:25 - [MESSAGE][WARNING] - Timeout '0' is invalid. Using default page load timeout: '30'

2019-12-04 19:08:28 - [MESSAGE][PASSED] - Text '1354' has been set to element 'Object Repository/testcases/android.widget.EditText0 - Search'

2019-12-04 19:08:28 - [TEST_STEP][PASSED] - tap(findTestObject("testcases/android.widget.LinearLayout6"), 0): Tapped on element 'Object Repository/testcases/android.widget.LinearLayout6'

2019-12-04 19:08:28 - [MESSAGE][WARNING] - Timeout '0' is invalid. Using default page load timeout: '30'

2019-12-04 19:08:30 - [MESSAGE][PASSED] - Tapped on element 'Object Repository/testcases/android.widget.LinearLayout6'

2019-12-04 19:08:30 - [TEST_STEP][PASSED] - Start tear down : cl_csh: Method 'cl_csh' complete successfully

2019-12-04 19:08:30 - [TEST_STEP][PASSED] - getRuntime().exec("C:\Users\apershina\AppData\Local\Android\Sdk\platform-tools\adb.exe shell pm clear com.msteam.floors.nsu"): null

2019-12-04 19:08:30 - [MESSAGE][PASSED] - Method 'cl_csh' complete successfully]]></system-out>
         <system-err><![CDATA[]]></system-err>
      </testcase>
      <testcase name="Test Cases/oldBuildingButton" time="56.391" classname="Test Cases/oldBuildingButton" status="PASSED">
         <system-out><![CDATA[2019-12-04 19:08:30 - [TEST_CASE][PASSED] - Test Cases/oldBuildingButton: Test Cases/oldBuildingButton

2019-12-04 19:08:31 - [TEST_STEP][PASSED] - startExistingApplication("com.msteam.floors.nsu"): Starting app with application ID: 'com.msteam.floors.nsu'

2019-12-04 19:08:41 - [MESSAGE][INFO] - Appium server started on port 52,461

2019-12-04 19:09:11 - [MESSAGE][PASSED] - Starting app with application ID: 'com.msteam.floors.nsu'

2019-12-04 19:09:11 - [TEST_STEP][PASSED] - tap(findTestObject("testcases/android.widget.ImageView0 (3)"), 0): Tapped on element 'Object Repository/testcases/android.widget.ImageView0 (3)'

2019-12-04 19:09:12 - [MESSAGE][WARNING] - Timeout '0' is invalid. Using default page load timeout: '30'

2019-12-04 19:09:18 - [MESSAGE][PASSED] - Tapped on element 'Object Repository/testcases/android.widget.ImageView0 (3)'

2019-12-04 19:09:18 - [TEST_STEP][PASSED] - tap(findTestObject("testcases/android.support.v7.widget.LinearLayoutCompat1 (2)"), 0): Tapped on element 'Object Repository/testcases/android.support.v7.widget.LinearLayoutCompat1 (2)'

2019-12-04 19:09:18 - [MESSAGE][WARNING] - Timeout '0' is invalid. Using default page load timeout: '30'

2019-12-04 19:09:19 - [MESSAGE][PASSED] - Tapped on element 'Object Repository/testcases/android.support.v7.widget.LinearLayoutCompat1 (2)'

2019-12-04 19:09:19 - [TEST_STEP][PASSED] - tap(findTestObject("testcases/android.widget.EditText0 - Search"), 0): Tapped on element 'Object Repository/testcases/android.widget.EditText0 - Search'

2019-12-04 19:09:19 - [MESSAGE][WARNING] - Timeout '0' is invalid. Using default page load timeout: '30'

2019-12-04 19:09:21 - [MESSAGE][PASSED] - Tapped on element 'Object Repository/testcases/android.widget.EditText0 - Search'

2019-12-04 19:09:21 - [TEST_STEP][PASSED] - random = new java.util.Random(): null

2019-12-04 19:09:21 - [TEST_STEP][PASSED] - setText(findTestObject("testcases/android.widget.EditText0 - Search"), findTestData("nsuAssets").getValue(4, random.nextInt(312) + 1), 0): Text '310 lab' has been set to element 'Object Repository/testcases/android.widget.EditText0 - Search'

2019-12-04 19:09:22 - [MESSAGE][WARNING] - Timeout '0' is invalid. Using default page load timeout: '30'

2019-12-04 19:09:24 - [MESSAGE][PASSED] - Text '310 lab' has been set to element 'Object Repository/testcases/android.widget.EditText0 - Search'

2019-12-04 19:09:24 - [TEST_STEP][PASSED] - tap(findTestObject("testcases/android.widget.LinearLayout6"), 0): Tapped on element 'Object Repository/testcases/android.widget.LinearLayout6'

2019-12-04 19:09:24 - [MESSAGE][WARNING] - Timeout '0' is invalid. Using default page load timeout: '30'

2019-12-04 19:09:26 - [MESSAGE][PASSED] - Tapped on element 'Object Repository/testcases/android.widget.LinearLayout6'

2019-12-04 19:09:26 - [TEST_STEP][PASSED] - Start tear down : cl_csh: Method 'cl_csh' complete successfully

2019-12-04 19:09:26 - [TEST_STEP][PASSED] - getRuntime().exec("C:\Users\apershina\AppData\Local\Android\Sdk\platform-tools\adb.exe shell pm clear com.msteam.floors.nsu"): null

2019-12-04 19:09:26 - [MESSAGE][PASSED] - Method 'cl_csh' complete successfully]]></system-out>
         <system-err><![CDATA[]]></system-err>
      </testcase>
      <system-out><![CDATA[2019-12-04 19:07:36 - [TEST_SUITE][PASSED] - theButtonsInLeftPanel: Test Cases/oldBuildingButton]]></system-out>
      <system-err><![CDATA[]]></system-err>
   </testsuite>
</testsuites>
