<?xml version="1.0" encoding="UTF-8"?>
<testsuites name="theWayInsideNewBuilding" time="239.257" tests="4" failures="0" errors="0">
   <testsuite name="theWayInsideNewBuilding" tests="4" failures="0" errors="0" time="239.257" timestamp="2019-12-04 19:09:57" hostname="apershina - SOLARIS.msteam.local" id="Test Suites/theWayInsideOneBuilding/theWayInsideNewBuilding">
      <properties>
         <property name="deviceName" value="samsung SM-A530F (Android 9)"/>
         <property name="devicePlatform" value=""/>
         <property name="logFolder" value="C:\\Users\\apershina\\Katalon Studio\\floorsTesting\\Reports\\20191204_190951\\theWayInsideOneBuilding\\theWayInsideNewBuilding\\20191204_190951"/>
         <property name="logFiles" value="C:\\Users\\apershina\\Katalon Studio\\floorsTesting\\Reports\\20191204_190951\\theWayInsideOneBuilding\\theWayInsideNewBuilding\\20191204_190951\\appium.log, C:\\Users\\apershina\\Katalon Studio\\floorsTesting\\Reports\\20191204_190951\\theWayInsideOneBuilding\\theWayInsideNewBuilding\\20191204_190951\\execution0.log"/>
         <property name="attachments" value=""/>
         <property name="hostName" value="apershina - SOLARIS.msteam.local"/>
         <property name="os" value="Windows 10 64bit"/>
         <property name="appiumServerStatus" value="{\&quot;value\&quot;:{\&quot;build\&quot;:{\&quot;version\&quot;:\&quot;1.8.1\&quot;,\&quot;revision\&quot;:null}}}"/>
         <property name="katalonVersion" value="7.0.10.1"/>
         <property name="deviceOS" value="Android"/>
         <property name="appiumVersion" value="1.8.1"/>
         <property name="deviceModel" value="SM-A530F"/>
         <property name="hostAddress" value="192.168.1.31"/>
         <property name="deviceManufacturer" value="samsung"/>
         <property name="deviceId" value="5200502e5b11c491"/>
         <property name="deviceName" value="samsung SM-A530F (Android 9)"/>
         <property name="deviceOSVersion" value="9"/>
      </properties>
      <testcase name="Test Cases/theWayFromOneRoomToAnotherNewBuilding" time="59.043" classname="Test Cases/theWayFromOneRoomToAnotherNewBuilding" status="PASSED">
         <system-out><![CDATA[2019-12-04 19:09:58 - [TEST_CASE][PASSED] - Test Cases/theWayFromOneRoomToAnotherNewBuilding: Test Cases/theWayFromOneRoomToAnotherNewBuilding

2019-12-04 19:10:00 - [TEST_STEP][PASSED] - startExistingApplication("com.msteam.floors.nsu"): Starting app with application ID: 'com.msteam.floors.nsu'

2019-12-04 19:10:08 - [MESSAGE][INFO] - Appium server started on port 53,235

2019-12-04 19:10:34 - [MESSAGE][PASSED] - Starting app with application ID: 'com.msteam.floors.nsu'

2019-12-04 19:10:34 - [TEST_STEP][PASSED] - tap(findTestObject("testcases/android.widget.EditText0 - Search"), 0): Tapped on element 'Object Repository/testcases/android.widget.EditText0 - Search'

2019-12-04 19:10:34 - [MESSAGE][WARNING] - Timeout '0' is invalid. Using default page load timeout: '30'

2019-12-04 19:10:40 - [MESSAGE][PASSED] - Tapped on element 'Object Repository/testcases/android.widget.EditText0 - Search'

2019-12-04 19:10:40 - [TEST_STEP][PASSED] - random = new java.util.Random(): null

2019-12-04 19:10:40 - [TEST_STEP][PASSED] - setText(findTestObject("testcases/android.widget.EditText0 - Search"), findTestData("nsuAssets").getValue(2, random.nextInt(392) + 1), 0): Text '4307' has been set to element 'Object Repository/testcases/android.widget.EditText0 - Search'

2019-12-04 19:10:43 - [MESSAGE][WARNING] - Timeout '0' is invalid. Using default page load timeout: '30'

2019-12-04 19:10:45 - [MESSAGE][PASSED] - Text '4307' has been set to element 'Object Repository/testcases/android.widget.EditText0 - Search'

2019-12-04 19:10:45 - [TEST_STEP][PASSED] - tap(findTestObject("testcases/android.widget.LinearLayout6"), 0): Tapped on element 'Object Repository/testcases/android.widget.LinearLayout6'

2019-12-04 19:10:45 - [MESSAGE][WARNING] - Timeout '0' is invalid. Using default page load timeout: '30'

2019-12-04 19:10:47 - [MESSAGE][PASSED] - Tapped on element 'Object Repository/testcases/android.widget.LinearLayout6'

2019-12-04 19:10:47 - [TEST_STEP][PASSED] - tap(findTestObject("testcases/android.widget.Button0 - ROUTE TO"), 0): Tapped on element 'Object Repository/testcases/android.widget.Button0 - ROUTE TO'

2019-12-04 19:10:48 - [MESSAGE][WARNING] - Timeout '0' is invalid. Using default page load timeout: '30'

2019-12-04 19:10:50 - [MESSAGE][PASSED] - Tapped on element 'Object Repository/testcases/android.widget.Button0 - ROUTE TO'

2019-12-04 19:10:50 - [TEST_STEP][PASSED] - tap(findTestObject("testcases/android.widget.EditText1 (1)"), 0): Tapped on element 'Object Repository/testcases/android.widget.EditText1 (1)'

2019-12-04 19:10:50 - [MESSAGE][WARNING] - Timeout '0' is invalid. Using default page load timeout: '30'

2019-12-04 19:10:52 - [MESSAGE][PASSED] - Tapped on element 'Object Repository/testcases/android.widget.EditText1 (1)'

2019-12-04 19:10:52 - [TEST_STEP][PASSED] - setText(findTestObject("testcases/android.widget.EditText1 (2)"), findTestData("nsuAssets").getValue(2, random.nextInt(392) + 1), 0): Text '1257' has been set to element 'Object Repository/testcases/android.widget.EditText1 (2)'

2019-12-04 19:10:52 - [MESSAGE][WARNING] - Timeout '0' is invalid. Using default page load timeout: '30'

2019-12-04 19:10:54 - [MESSAGE][PASSED] - Text '1257' has been set to element 'Object Repository/testcases/android.widget.EditText1 (2)'

2019-12-04 19:10:54 - [TEST_STEP][PASSED] - tap(findTestObject("testcases/android.widget.FrameLayout9 (1)"), 0): Tapped on element 'Object Repository/testcases/android.widget.FrameLayout9 (1)'

2019-12-04 19:10:54 - [MESSAGE][WARNING] - Timeout '0' is invalid. Using default page load timeout: '30'

2019-12-04 19:10:57 - [MESSAGE][PASSED] - Tapped on element 'Object Repository/testcases/android.widget.FrameLayout9 (1)'

2019-12-04 19:10:57 - [TEST_STEP][PASSED] - Start tear down : cl_csh: Method 'cl_csh' complete successfully

2019-12-04 19:10:57 - [TEST_STEP][PASSED] - getRuntime().exec("C:\Users\apershina\AppData\Local\Android\Sdk\platform-tools\adb.exe shell pm clear com.msteam.floors.nsu"): null

2019-12-04 19:10:57 - [MESSAGE][PASSED] - Method 'cl_csh' complete successfully]]></system-out>
         <system-err><![CDATA[]]></system-err>
      </testcase>
      <testcase name="Test Cases/theWayFromOneRoomToAnotherNewBuildingLift" time="60.256" classname="Test Cases/theWayFromOneRoomToAnotherNewBuildingLift" status="PASSED">
         <system-out><![CDATA[2019-12-04 19:10:57 - [TEST_CASE][PASSED] - Test Cases/theWayFromOneRoomToAnotherNewBuildingLift: Test Cases/theWayFromOneRoomToAnotherNewBuildingLift

2019-12-04 19:10:58 - [TEST_STEP][PASSED] - startExistingApplication("com.msteam.floors.nsu"): Starting app with application ID: 'com.msteam.floors.nsu'

2019-12-04 19:11:08 - [MESSAGE][INFO] - Appium server started on port 53,554

2019-12-04 19:11:35 - [MESSAGE][PASSED] - Starting app with application ID: 'com.msteam.floors.nsu'

2019-12-04 19:11:35 - [TEST_STEP][PASSED] - tap(findTestObject("testcases/android.widget.EditText0 - Search"), 0): Tapped on element 'Object Repository/testcases/android.widget.EditText0 - Search'

2019-12-04 19:11:35 - [MESSAGE][WARNING] - Timeout '0' is invalid. Using default page load timeout: '30'

2019-12-04 19:11:42 - [MESSAGE][PASSED] - Tapped on element 'Object Repository/testcases/android.widget.EditText0 - Search'

2019-12-04 19:11:42 - [TEST_STEP][PASSED] - random = new java.util.Random(): null

2019-12-04 19:11:42 - [TEST_STEP][PASSED] - setText(findTestObject("testcases/android.widget.EditText0 - Search"), findTestData("nsuAssets").getValue(2, random.nextInt(392) + 1), 0): Text '4267' has been set to element 'Object Repository/testcases/android.widget.EditText0 - Search'

2019-12-04 19:11:42 - [MESSAGE][WARNING] - Timeout '0' is invalid. Using default page load timeout: '30'

2019-12-04 19:11:44 - [MESSAGE][PASSED] - Text '4267' has been set to element 'Object Repository/testcases/android.widget.EditText0 - Search'

2019-12-04 19:11:44 - [TEST_STEP][PASSED] - tap(findTestObject("testcases/android.widget.LinearLayout6"), 0): Tapped on element 'Object Repository/testcases/android.widget.LinearLayout6'

2019-12-04 19:11:44 - [MESSAGE][WARNING] - Timeout '0' is invalid. Using default page load timeout: '30'

2019-12-04 19:11:47 - [MESSAGE][PASSED] - Tapped on element 'Object Repository/testcases/android.widget.LinearLayout6'

2019-12-04 19:11:47 - [TEST_STEP][PASSED] - tap(findTestObject("testcases/android.widget.Button0 - ROUTE TO"), 0): Tapped on element 'Object Repository/testcases/android.widget.Button0 - ROUTE TO'

2019-12-04 19:11:47 - [MESSAGE][WARNING] - Timeout '0' is invalid. Using default page load timeout: '30'

2019-12-04 19:11:50 - [MESSAGE][PASSED] - Tapped on element 'Object Repository/testcases/android.widget.Button0 - ROUTE TO'

2019-12-04 19:11:50 - [TEST_STEP][PASSED] - tap(findTestObject("testcases/android.widget.EditText1 (1)"), 0): Tapped on element 'Object Repository/testcases/android.widget.EditText1 (1)'

2019-12-04 19:11:50 - [MESSAGE][WARNING] - Timeout '0' is invalid. Using default page load timeout: '30'

2019-12-04 19:11:51 - [MESSAGE][PASSED] - Tapped on element 'Object Repository/testcases/android.widget.EditText1 (1)'

2019-12-04 19:11:51 - [TEST_STEP][PASSED] - setText(findTestObject("testcases/android.widget.EditText1 (2)"), findTestData("nsuAssets").getValue(2, random.nextInt(392) + 1), 0): Text '2326' has been set to element 'Object Repository/testcases/android.widget.EditText1 (2)'

2019-12-04 19:11:52 - [MESSAGE][WARNING] - Timeout '0' is invalid. Using default page load timeout: '30'

2019-12-04 19:11:53 - [MESSAGE][PASSED] - Text '2326' has been set to element 'Object Repository/testcases/android.widget.EditText1 (2)'

2019-12-04 19:11:53 - [TEST_STEP][PASSED] - tap(findTestObject("testcases/android.widget.Switch0 - OFF"), 0): Tapped on element 'Object Repository/testcases/android.widget.Switch0 - OFF'

2019-12-04 19:11:53 - [MESSAGE][WARNING] - Timeout '0' is invalid. Using default page load timeout: '30'

2019-12-04 19:11:55 - [MESSAGE][PASSED] - Tapped on element 'Object Repository/testcases/android.widget.Switch0 - OFF'

2019-12-04 19:11:55 - [TEST_STEP][PASSED] - tap(findTestObject("testcases/android.widget.FrameLayout9 (1)"), 0): Tapped on element 'Object Repository/testcases/android.widget.FrameLayout9 (1)'

2019-12-04 19:11:55 - [MESSAGE][WARNING] - Timeout '0' is invalid. Using default page load timeout: '30'

2019-12-04 19:11:57 - [MESSAGE][PASSED] - Tapped on element 'Object Repository/testcases/android.widget.FrameLayout9 (1)'

2019-12-04 19:11:57 - [TEST_STEP][PASSED] - Start tear down : cl_csh: Method 'cl_csh' complete successfully

2019-12-04 19:11:57 - [TEST_STEP][PASSED] - getRuntime().exec("C:\Users\apershina\AppData\Local\Android\Sdk\platform-tools\adb.exe shell pm clear com.msteam.floors.nsu"): null

2019-12-04 19:11:57 - [MESSAGE][PASSED] - Method 'cl_csh' complete successfully]]></system-out>
         <system-err><![CDATA[]]></system-err>
      </testcase>
      <testcase name="Test Cases/theWayFromOneRoomToSpecRoomNewBuilding" time="62.068" classname="Test Cases/theWayFromOneRoomToSpecRoomNewBuilding" status="PASSED">
         <system-out><![CDATA[2019-12-04 19:11:57 - [TEST_CASE][PASSED] - Test Cases/theWayFromOneRoomToSpecRoomNewBuilding: Test Cases/theWayFromOneRoomToSpecRoomNewBuilding

2019-12-04 19:11:58 - [TEST_STEP][PASSED] - startExistingApplication("com.msteam.floors.nsu"): Starting app with application ID: 'com.msteam.floors.nsu'

2019-12-04 19:12:08 - [MESSAGE][INFO] - Appium server started on port 51,729

2019-12-04 19:12:38 - [MESSAGE][PASSED] - Starting app with application ID: 'com.msteam.floors.nsu'

2019-12-04 19:12:38 - [TEST_STEP][PASSED] - tap(findTestObject("testcases/android.widget.EditText0 - Search"), 0): Tapped on element 'Object Repository/testcases/android.widget.EditText0 - Search'

2019-12-04 19:12:38 - [MESSAGE][WARNING] - Timeout '0' is invalid. Using default page load timeout: '30'

2019-12-04 19:12:44 - [MESSAGE][PASSED] - Tapped on element 'Object Repository/testcases/android.widget.EditText0 - Search'

2019-12-04 19:12:44 - [TEST_STEP][PASSED] - random = new java.util.Random(): null

2019-12-04 19:12:44 - [TEST_STEP][PASSED] - setText(findTestObject("testcases/android.widget.EditText0 - Search"), findTestData("nsuAssets").getValue(3, random.nextInt(5) + 1), 0): Text 'canteen 0, 3 fl' has been set to element 'Object Repository/testcases/android.widget.EditText0 - Search'

2019-12-04 19:12:45 - [MESSAGE][WARNING] - Timeout '0' is invalid. Using default page load timeout: '30'

2019-12-04 19:12:47 - [MESSAGE][PASSED] - Text 'canteen 0, 3 fl' has been set to element 'Object Repository/testcases/android.widget.EditText0 - Search'

2019-12-04 19:12:47 - [TEST_STEP][PASSED] - tap(findTestObject("testcases/android.widget.LinearLayout6"), 0): Tapped on element 'Object Repository/testcases/android.widget.LinearLayout6'

2019-12-04 19:12:47 - [MESSAGE][WARNING] - Timeout '0' is invalid. Using default page load timeout: '30'

2019-12-04 19:12:50 - [MESSAGE][PASSED] - Tapped on element 'Object Repository/testcases/android.widget.LinearLayout6'

2019-12-04 19:12:50 - [TEST_STEP][PASSED] - tap(findTestObject("testcases/android.widget.Button0 - ROUTE TO"), 0): Tapped on element 'Object Repository/testcases/android.widget.Button0 - ROUTE TO'

2019-12-04 19:12:50 - [MESSAGE][WARNING] - Timeout '0' is invalid. Using default page load timeout: '30'

2019-12-04 19:12:53 - [MESSAGE][PASSED] - Tapped on element 'Object Repository/testcases/android.widget.Button0 - ROUTE TO'

2019-12-04 19:12:53 - [TEST_STEP][PASSED] - tap(findTestObject("testcases/android.widget.EditText1 (1)"), 0): Tapped on element 'Object Repository/testcases/android.widget.EditText1 (1)'

2019-12-04 19:12:53 - [MESSAGE][WARNING] - Timeout '0' is invalid. Using default page load timeout: '30'

2019-12-04 19:12:54 - [MESSAGE][PASSED] - Tapped on element 'Object Repository/testcases/android.widget.EditText1 (1)'

2019-12-04 19:12:54 - [TEST_STEP][PASSED] - setText(findTestObject("testcases/android.widget.EditText1 (2)"), findTestData("nsuAssets").getValue(2, random.nextInt(392) + 1), 0): Text '4336' has been set to element 'Object Repository/testcases/android.widget.EditText1 (2)'

2019-12-04 19:12:55 - [MESSAGE][WARNING] - Timeout '0' is invalid. Using default page load timeout: '30'

2019-12-04 19:12:56 - [MESSAGE][PASSED] - Text '4336' has been set to element 'Object Repository/testcases/android.widget.EditText1 (2)'

2019-12-04 19:12:56 - [TEST_STEP][PASSED] - tap(findTestObject("testcases/android.widget.FrameLayout9 (1)"), 0): Tapped on element 'Object Repository/testcases/android.widget.FrameLayout9 (1)'

2019-12-04 19:12:56 - [MESSAGE][WARNING] - Timeout '0' is invalid. Using default page load timeout: '30'

2019-12-04 19:12:59 - [MESSAGE][PASSED] - Tapped on element 'Object Repository/testcases/android.widget.FrameLayout9 (1)'

2019-12-04 19:12:59 - [TEST_STEP][PASSED] - Start tear down : cl_csh: Method 'cl_csh' complete successfully

2019-12-04 19:12:59 - [TEST_STEP][PASSED] - getRuntime().exec("C:\Users\apershina\AppData\Local\Android\Sdk\platform-tools\adb.exe shell pm clear com.msteam.floors.nsu"): null

2019-12-04 19:12:59 - [MESSAGE][PASSED] - Method 'cl_csh' complete successfully]]></system-out>
         <system-err><![CDATA[]]></system-err>
      </testcase>
      <testcase name="Test Cases/theWayFromSpecRoomToRoomNewBuilding" time="56.969" classname="Test Cases/theWayFromSpecRoomToRoomNewBuilding" status="PASSED">
         <system-out><![CDATA[2019-12-04 19:12:59 - [TEST_CASE][PASSED] - Test Cases/theWayFromSpecRoomToRoomNewBuilding: Test Cases/theWayFromSpecRoomToRoomNewBuilding

2019-12-04 19:13:00 - [TEST_STEP][PASSED] - startExistingApplication("com.msteam.floors.nsu"): Starting app with application ID: 'com.msteam.floors.nsu'

2019-12-04 19:13:10 - [MESSAGE][INFO] - Appium server started on port 52,263

2019-12-04 19:13:36 - [MESSAGE][PASSED] - Starting app with application ID: 'com.msteam.floors.nsu'

2019-12-04 19:13:36 - [TEST_STEP][PASSED] - tap(findTestObject("testcases/android.widget.EditText0 - Search"), 0): Tapped on element 'Object Repository/testcases/android.widget.EditText0 - Search'

2019-12-04 19:13:36 - [MESSAGE][WARNING] - Timeout '0' is invalid. Using default page load timeout: '30'

2019-12-04 19:13:42 - [MESSAGE][PASSED] - Tapped on element 'Object Repository/testcases/android.widget.EditText0 - Search'

2019-12-04 19:13:42 - [TEST_STEP][PASSED] - random = new java.util.Random(): null

2019-12-04 19:13:42 - [TEST_STEP][PASSED] - setText(findTestObject("testcases/android.widget.EditText0 - Search"), findTestData("nsuAssets").getValue(2, random.nextInt(392) + 1), 0): Text '3319' has been set to element 'Object Repository/testcases/android.widget.EditText0 - Search'

2019-12-04 19:13:43 - [MESSAGE][WARNING] - Timeout '0' is invalid. Using default page load timeout: '30'

2019-12-04 19:13:45 - [MESSAGE][PASSED] - Text '3319' has been set to element 'Object Repository/testcases/android.widget.EditText0 - Search'

2019-12-04 19:13:45 - [TEST_STEP][PASSED] - tap(findTestObject("testcases/android.widget.LinearLayout6"), 0): Tapped on element 'Object Repository/testcases/android.widget.LinearLayout6'

2019-12-04 19:13:45 - [MESSAGE][WARNING] - Timeout '0' is invalid. Using default page load timeout: '30'

2019-12-04 19:13:48 - [MESSAGE][PASSED] - Tapped on element 'Object Repository/testcases/android.widget.LinearLayout6'

2019-12-04 19:13:48 - [TEST_STEP][PASSED] - tap(findTestObject("testcases/android.widget.Button0 - ROUTE TO"), 0): Tapped on element 'Object Repository/testcases/android.widget.Button0 - ROUTE TO'

2019-12-04 19:13:48 - [MESSAGE][WARNING] - Timeout '0' is invalid. Using default page load timeout: '30'

2019-12-04 19:13:50 - [MESSAGE][PASSED] - Tapped on element 'Object Repository/testcases/android.widget.Button0 - ROUTE TO'

2019-12-04 19:13:50 - [TEST_STEP][PASSED] - tap(findTestObject("testcases/android.widget.EditText1 (1)"), 0): Tapped on element 'Object Repository/testcases/android.widget.EditText1 (1)'

2019-12-04 19:13:51 - [MESSAGE][WARNING] - Timeout '0' is invalid. Using default page load timeout: '30'

2019-12-04 19:13:52 - [MESSAGE][PASSED] - Tapped on element 'Object Repository/testcases/android.widget.EditText1 (1)'

2019-12-04 19:13:52 - [TEST_STEP][PASSED] - setText(findTestObject("testcases/android.widget.EditText1 (2)"), findTestData("nsuAssets").getValue(3, random.nextInt(5) + 1), 0): Text 'canteen 1, 3 fl' has been set to element 'Object Repository/testcases/android.widget.EditText1 (2)'

2019-12-04 19:13:52 - [MESSAGE][WARNING] - Timeout '0' is invalid. Using default page load timeout: '30'

2019-12-04 19:13:54 - [MESSAGE][PASSED] - Text 'canteen 1, 3 fl' has been set to element 'Object Repository/testcases/android.widget.EditText1 (2)'

2019-12-04 19:13:54 - [TEST_STEP][PASSED] - tap(findTestObject("testcases/android.widget.FrameLayout9 (1)"), 0): Tapped on element 'Object Repository/testcases/android.widget.FrameLayout9 (1)'

2019-12-04 19:13:54 - [MESSAGE][WARNING] - Timeout '0' is invalid. Using default page load timeout: '30'

2019-12-04 19:13:56 - [MESSAGE][PASSED] - Tapped on element 'Object Repository/testcases/android.widget.FrameLayout9 (1)'

2019-12-04 19:13:56 - [TEST_STEP][PASSED] - Start tear down : cl_csh: Method 'cl_csh' complete successfully

2019-12-04 19:13:56 - [TEST_STEP][PASSED] - getRuntime().exec("C:\Users\apershina\AppData\Local\Android\Sdk\platform-tools\adb.exe shell pm clear com.msteam.floors.nsu"): null

2019-12-04 19:13:56 - [MESSAGE][PASSED] - Method 'cl_csh' complete successfully]]></system-out>
         <system-err><![CDATA[]]></system-err>
      </testcase>
      <system-out><![CDATA[2019-12-04 19:09:57 - [TEST_SUITE][PASSED] - theWayInsideNewBuilding: Test Cases/theWayFromSpecRoomToRoomNewBuilding]]></system-out>
      <system-err><![CDATA[]]></system-err>
   </testsuite>
</testsuites>
